Determining if the pthread_create exist failed with the following output:
Change Dir: /home/jbmdumont/catkin_ws/build_isolated/rplidar_ros/CMakeFiles/CMakeTmp

Run Build Command:"/usr/bin/make" "cmTC_7825c/fast"
/usr/bin/make -f CMakeFiles/cmTC_7825c.dir/build.make CMakeFiles/cmTC_7825c.dir/build
make[1]: Entering directory '/home/jbmdumont/catkin_ws/build_isolated/rplidar_ros/CMakeFiles/CMakeTmp'
Building C object CMakeFiles/cmTC_7825c.dir/CheckSymbolExists.c.o
/usr/bin/cc     -o CMakeFiles/cmTC_7825c.dir/CheckSymbolExists.c.o   -c /home/jbmdumont/catkin_ws/build_isolated/rplidar_ros/CMakeFiles/CMakeTmp/CheckSymbolExists.c
Linking C executable cmTC_7825c
/usr/bin/cmake -E cmake_link_script CMakeFiles/cmTC_7825c.dir/link.txt --verbose=1
/usr/bin/cc       CMakeFiles/cmTC_7825c.dir/CheckSymbolExists.c.o  -o cmTC_7825c -rdynamic 
CMakeFiles/cmTC_7825c.dir/CheckSymbolExists.c.o: In function `main':
CheckSymbolExists.c:(.text+0xe): undefined reference to `pthread_create'
CheckSymbolExists.c:(.text+0x12): undefined reference to `pthread_create'
collect2: error: ld returned 1 exit status
CMakeFiles/cmTC_7825c.dir/build.make:97: recipe for target 'cmTC_7825c' failed
make[1]: *** [cmTC_7825c] Error 1
make[1]: Leaving directory '/home/jbmdumont/catkin_ws/build_isolated/rplidar_ros/CMakeFiles/CMakeTmp'
Makefile:126: recipe for target 'cmTC_7825c/fast' failed
make: *** [cmTC_7825c/fast] Error 2

File /home/jbmdumont/catkin_ws/build_isolated/rplidar_ros/CMakeFiles/CMakeTmp/CheckSymbolExists.c:
/* */
#include <pthread.h>

int main(int argc, char** argv)
{
  (void)argv;
#ifndef pthread_create
  return ((int*)(&pthread_create))[argc];
#else
  (void)argc;
  return 0;
#endif
}

Determining if the function pthread_create exists in the pthreads failed with the following output:
Change Dir: /home/jbmdumont/catkin_ws/build_isolated/rplidar_ros/CMakeFiles/CMakeTmp

Run Build Command:"/usr/bin/make" "cmTC_bf400/fast"
/usr/bin/make -f CMakeFiles/cmTC_bf400.dir/build.make CMakeFiles/cmTC_bf400.dir/build
make[1]: Entering directory '/home/jbmdumont/catkin_ws/build_isolated/rplidar_ros/CMakeFiles/CMakeTmp'
Building C object CMakeFiles/cmTC_bf400.dir/CheckFunctionExists.c.o
/usr/bin/cc    -DCHECK_FUNCTION_EXISTS=pthread_create   -o CMakeFiles/cmTC_bf400.dir/CheckFunctionExists.c.o   -c /usr/share/cmake-3.5/Modules/CheckFunctionExists.c
Linking C executable cmTC_bf400
/usr/bin/cmake -E cmake_link_script CMakeFiles/cmTC_bf400.dir/link.txt --verbose=1
/usr/bin/cc   -DCHECK_FUNCTION_EXISTS=pthread_create    CMakeFiles/cmTC_bf400.dir/CheckFunctionExists.c.o  -o cmTC_bf400 -rdynamic -lpthreads 
/usr/bin/ld: cannot find -lpthreads
collect2: error: ld returned 1 exit status
CMakeFiles/cmTC_bf400.dir/build.make:97: recipe for target 'cmTC_bf400' failed
make[1]: *** [cmTC_bf400] Error 1
make[1]: Leaving directory '/home/jbmdumont/catkin_ws/build_isolated/rplidar_ros/CMakeFiles/CMakeTmp'
Makefile:126: recipe for target 'cmTC_bf400/fast' failed
make: *** [cmTC_bf400/fast] Error 2


