Symlinking /home/jbmdumont/catkin_ws/devel_cb/lib/pkgconfig/servo0.pc
Symlinking /home/jbmdumont/catkin_ws/devel_cb/lib/servo0/servo0_client_node
Symlinking /home/jbmdumont/catkin_ws/devel_cb/lib/servo0/servo0_server_node
Symlinking /home/jbmdumont/catkin_ws/devel_cb/lib/python2.7/dist-packages/servo0/__init__.py
Symlinking /home/jbmdumont/catkin_ws/devel_cb/lib/python2.7/dist-packages/servo0/msg/_angleActionResult.py
Symlinking /home/jbmdumont/catkin_ws/devel_cb/lib/python2.7/dist-packages/servo0/msg/_angleResult.py
Symlinking /home/jbmdumont/catkin_ws/devel_cb/lib/python2.7/dist-packages/servo0/msg/_angleActionFeedback.py
Symlinking /home/jbmdumont/catkin_ws/devel_cb/lib/python2.7/dist-packages/servo0/msg/_angleAction.py
Symlinking /home/jbmdumont/catkin_ws/devel_cb/lib/python2.7/dist-packages/servo0/msg/_angleGoal.py
Symlinking /home/jbmdumont/catkin_ws/devel_cb/lib/python2.7/dist-packages/servo0/msg/__init__.py
Symlinking /home/jbmdumont/catkin_ws/devel_cb/lib/python2.7/dist-packages/servo0/msg/_angleActionGoal.py
Symlinking /home/jbmdumont/catkin_ws/devel_cb/lib/python2.7/dist-packages/servo0/msg/_angleFeedback.py
Symlinking /home/jbmdumont/catkin_ws/devel_cb/share/gennodejs/ros/servo0/_index.js
Symlinking /home/jbmdumont/catkin_ws/devel_cb/share/gennodejs/ros/servo0/msg/angleResult.js
Symlinking /home/jbmdumont/catkin_ws/devel_cb/share/gennodejs/ros/servo0/msg/angleActionResult.js
Symlinking /home/jbmdumont/catkin_ws/devel_cb/share/gennodejs/ros/servo0/msg/angleAction.js
Symlinking /home/jbmdumont/catkin_ws/devel_cb/share/gennodejs/ros/servo0/msg/_index.js
Symlinking /home/jbmdumont/catkin_ws/devel_cb/share/gennodejs/ros/servo0/msg/angleActionGoal.js
Symlinking /home/jbmdumont/catkin_ws/devel_cb/share/gennodejs/ros/servo0/msg/angleGoal.js
Symlinking /home/jbmdumont/catkin_ws/devel_cb/share/gennodejs/ros/servo0/msg/angleFeedback.js
Symlinking /home/jbmdumont/catkin_ws/devel_cb/share/gennodejs/ros/servo0/msg/angleActionFeedback.js
Symlinking /home/jbmdumont/catkin_ws/devel_cb/share/roseus/ros/servo0/manifest.l
Symlinking /home/jbmdumont/catkin_ws/devel_cb/share/roseus/ros/servo0/msg/angleGoal.l
Symlinking /home/jbmdumont/catkin_ws/devel_cb/share/roseus/ros/servo0/msg/angleFeedback.l
Symlinking /home/jbmdumont/catkin_ws/devel_cb/share/roseus/ros/servo0/msg/angleActionResult.l
Symlinking /home/jbmdumont/catkin_ws/devel_cb/share/roseus/ros/servo0/msg/angleActionGoal.l
Symlinking /home/jbmdumont/catkin_ws/devel_cb/share/roseus/ros/servo0/msg/angleActionFeedback.l
Symlinking /home/jbmdumont/catkin_ws/devel_cb/share/roseus/ros/servo0/msg/angleAction.l
Symlinking /home/jbmdumont/catkin_ws/devel_cb/share/roseus/ros/servo0/msg/angleResult.l
Symlinking /home/jbmdumont/catkin_ws/devel_cb/share/common-lisp/ros/servo0/msg/_package_angleGoal.lisp
Symlinking /home/jbmdumont/catkin_ws/devel_cb/share/common-lisp/ros/servo0/msg/angleGoal.lisp
Symlinking /home/jbmdumont/catkin_ws/devel_cb/share/common-lisp/ros/servo0/msg/angleActionResult.lisp
Symlinking /home/jbmdumont/catkin_ws/devel_cb/share/common-lisp/ros/servo0/msg/_package.lisp
Symlinking /home/jbmdumont/catkin_ws/devel_cb/share/common-lisp/ros/servo0/msg/servo0-msg.asd
Symlinking /home/jbmdumont/catkin_ws/devel_cb/share/common-lisp/ros/servo0/msg/_package_angleFeedback.lisp
Symlinking /home/jbmdumont/catkin_ws/devel_cb/share/common-lisp/ros/servo0/msg/_package_angleActionFeedback.lisp
Symlinking /home/jbmdumont/catkin_ws/devel_cb/share/common-lisp/ros/servo0/msg/angleAction.lisp
Symlinking /home/jbmdumont/catkin_ws/devel_cb/share/common-lisp/ros/servo0/msg/angleActionGoal.lisp
Symlinking /home/jbmdumont/catkin_ws/devel_cb/share/common-lisp/ros/servo0/msg/_package_angleAction.lisp
Symlinking /home/jbmdumont/catkin_ws/devel_cb/share/common-lisp/ros/servo0/msg/angleActionFeedback.lisp
Symlinking /home/jbmdumont/catkin_ws/devel_cb/share/common-lisp/ros/servo0/msg/_package_angleActionGoal.lisp
Symlinking /home/jbmdumont/catkin_ws/devel_cb/share/common-lisp/ros/servo0/msg/_package_angleResult.lisp
Symlinking /home/jbmdumont/catkin_ws/devel_cb/share/common-lisp/ros/servo0/msg/angleResult.lisp
Symlinking /home/jbmdumont/catkin_ws/devel_cb/share/common-lisp/ros/servo0/msg/_package_angleActionResult.lisp
Symlinking /home/jbmdumont/catkin_ws/devel_cb/share/common-lisp/ros/servo0/msg/angleFeedback.lisp
Symlinking /home/jbmdumont/catkin_ws/devel_cb/share/servo0/msg/angleActionFeedback.msg
Symlinking /home/jbmdumont/catkin_ws/devel_cb/share/servo0/msg/angleFeedback.msg
Symlinking /home/jbmdumont/catkin_ws/devel_cb/share/servo0/msg/angleGoal.msg
Symlinking /home/jbmdumont/catkin_ws/devel_cb/share/servo0/msg/angleActionResult.msg
Symlinking /home/jbmdumont/catkin_ws/devel_cb/share/servo0/msg/angleActionGoal.msg
Symlinking /home/jbmdumont/catkin_ws/devel_cb/share/servo0/msg/angleAction.msg
Symlinking /home/jbmdumont/catkin_ws/devel_cb/share/servo0/msg/angleResult.msg
Symlinking /home/jbmdumont/catkin_ws/devel_cb/share/servo0/cmake/servo0Config.cmake
Symlinking /home/jbmdumont/catkin_ws/devel_cb/share/servo0/cmake/servo0-msg-paths.cmake
Symlinking /home/jbmdumont/catkin_ws/devel_cb/share/servo0/cmake/servo0-msg-extras.cmake
Symlinking /home/jbmdumont/catkin_ws/devel_cb/share/servo0/cmake/servo0Config-version.cmake
Symlinking /home/jbmdumont/catkin_ws/devel_cb/include/servo0/angleActionResult.h
Symlinking /home/jbmdumont/catkin_ws/devel_cb/include/servo0/angleResult.h
Symlinking /home/jbmdumont/catkin_ws/devel_cb/include/servo0/angleActionGoal.h
Symlinking /home/jbmdumont/catkin_ws/devel_cb/include/servo0/angleFeedback.h
Symlinking /home/jbmdumont/catkin_ws/devel_cb/include/servo0/angleActionFeedback.h
Symlinking /home/jbmdumont/catkin_ws/devel_cb/include/servo0/angleGoal.h
Symlinking /home/jbmdumont/catkin_ws/devel_cb/include/servo0/angleAction.h
