[35m[1mScanning dependencies of target _servo0_generate_messages_check_deps_angleAction[0m
[  0%] Built target _servo0_generate_messages_check_deps_angleAction
[35m[1mScanning dependencies of target std_msgs_generate_messages_nodejs[0m
[  0%] Built target std_msgs_generate_messages_nodejs
[35m[1mScanning dependencies of target _servo0_generate_messages_check_deps_angleGoal[0m
[  0%] Built target _servo0_generate_messages_check_deps_angleGoal
[35m[1mScanning dependencies of target _servo0_generate_messages_check_deps_angleActionGoal[0m
[  0%] Built target _servo0_generate_messages_check_deps_angleActionGoal
[35m[1mScanning dependencies of target actionlib_msgs_generate_messages_nodejs[0m
[  0%] Built target actionlib_msgs_generate_messages_nodejs
[35m[1mScanning dependencies of target _servo0_generate_messages_check_deps_angleFeedback[0m
[  0%] Built target _servo0_generate_messages_check_deps_angleFeedback
[35m[1mScanning dependencies of target _servo0_generate_messages_check_deps_angleActionFeedback[0m
[  0%] Built target _servo0_generate_messages_check_deps_angleActionFeedback
[35m[1mScanning dependencies of target _servo0_generate_messages_check_deps_angleResult[0m
[  0%] Built target _servo0_generate_messages_check_deps_angleResult
[35m[1mScanning dependencies of target _servo0_generate_messages_check_deps_angleActionResult[0m
[  0%] Built target _servo0_generate_messages_check_deps_angleActionResult
[35m[1mScanning dependencies of target actionlib_generate_messages_eus[0m
[35m[1mScanning dependencies of target std_msgs_generate_messages_lisp[0m
[  0%] Built target actionlib_generate_messages_eus
[  0%] Built target std_msgs_generate_messages_lisp
[35m[1mScanning dependencies of target std_msgs_generate_messages_eus[0m
[35m[1mScanning dependencies of target std_msgs_generate_messages_cpp[0m
[  0%] Built target std_msgs_generate_messages_eus
[  0%] Built target std_msgs_generate_messages_cpp
[35m[1mScanning dependencies of target rosgraph_msgs_generate_messages_nodejs[0m
[35m[1mScanning dependencies of target rosgraph_msgs_generate_messages_lisp[0m
[  0%] Built target rosgraph_msgs_generate_messages_nodejs
[  0%] Built target rosgraph_msgs_generate_messages_lisp
[35m[1mScanning dependencies of target rosgraph_msgs_generate_messages_eus[0m
[35m[1mScanning dependencies of target roscpp_generate_messages_lisp[0m
[  0%] Built target rosgraph_msgs_generate_messages_eus
[  0%] Built target roscpp_generate_messages_lisp
[35m[1mScanning dependencies of target roscpp_generate_messages_nodejs[0m
[  0%] Built target roscpp_generate_messages_nodejs
[35m[1mScanning dependencies of target rosgraph_msgs_generate_messages_cpp[0m
[  0%] Built target rosgraph_msgs_generate_messages_cpp
[35m[1mScanning dependencies of target actionlib_msgs_generate_messages_eus[0m
[  0%] Built target actionlib_msgs_generate_messages_eus
[35m[1mScanning dependencies of target roscpp_generate_messages_cpp[0m
[  0%] Built target roscpp_generate_messages_cpp
[35m[1mScanning dependencies of target actionlib_msgs_generate_messages_py[0m
[  0%] Built target actionlib_msgs_generate_messages_py
[35m[1mScanning dependencies of target rosgraph_msgs_generate_messages_py[0m
[  0%] Built target rosgraph_msgs_generate_messages_py
[35m[1mScanning dependencies of target actionlib_msgs_generate_messages_lisp[0m
[  0%] Built target actionlib_msgs_generate_messages_lisp
[35m[1mScanning dependencies of target roscpp_generate_messages_py[0m
[  0%] Built target roscpp_generate_messages_py
[35m[1mScanning dependencies of target actionlib_generate_messages_cpp[0m
[  0%] Built target actionlib_generate_messages_cpp
[35m[1mScanning dependencies of target std_msgs_generate_messages_py[0m
[  0%] Built target std_msgs_generate_messages_py
[35m[1mScanning dependencies of target roscpp_generate_messages_eus[0m
[  0%] Built target roscpp_generate_messages_eus
[35m[1mScanning dependencies of target actionlib_generate_messages_lisp[0m
[  0%] Built target actionlib_generate_messages_lisp
[35m[1mScanning dependencies of target actionlib_generate_messages_nodejs[0m
[  0%] Built target actionlib_generate_messages_nodejs
[35m[1mScanning dependencies of target servo0_generate_messages_py[0m
[  2%] [34m[1mGenerating Python from MSG servo0/angleGoal[0m
[  4%] [34m[1mGenerating Python from MSG servo0/angleActionFeedback[0m
[  7%] [34m[1mGenerating Python from MSG servo0/angleFeedback[0m
[  9%] [34m[1mGenerating Python from MSG servo0/angleActionGoal[0m
[ 12%] [34m[1mGenerating Python from MSG servo0/angleResult[0m
[ 14%] [34m[1mGenerating Python from MSG servo0/angleActionResult[0m
[ 17%] [34m[1mGenerating Python from MSG servo0/angleAction[0m
[ 19%] [34m[1mGenerating Python msg __init__.py for servo0[0m
[ 19%] Built target servo0_generate_messages_py
[35m[1mScanning dependencies of target actionlib_generate_messages_py[0m
[ 19%] Built target actionlib_generate_messages_py
[35m[1mScanning dependencies of target actionlib_msgs_generate_messages_cpp[0m
[ 19%] Built target actionlib_msgs_generate_messages_cpp
[35m[1mScanning dependencies of target servo0_generate_messages_eus[0m
[ 21%] [34m[1mGenerating EusLisp code from servo0/angleGoal.msg[0m
[ 24%] [34m[1mGenerating EusLisp code from servo0/angleActionFeedback.msg[0m
[ 26%] [34m[1mGenerating EusLisp code from servo0/angleFeedback.msg[0m
[ 29%] [34m[1mGenerating EusLisp code from servo0/angleActionGoal.msg[0m
[ 31%] [34m[1mGenerating EusLisp code from servo0/angleResult.msg[0m
[ 34%] [34m[1mGenerating EusLisp code from servo0/angleActionResult.msg[0m
[ 36%] [34m[1mGenerating EusLisp code from servo0/angleAction.msg[0m
[ 39%] [34m[1mGenerating EusLisp manifest code for servo0[0m
[ 39%] Built target servo0_generate_messages_eus
[35m[1mScanning dependencies of target servo0_generate_messages_nodejs[0m
[35m[1mScanning dependencies of target servo0_generate_messages_lisp[0m
[ 41%] [34m[1mGenerating Javascript code from servo0/angleGoal.msg[0m
[ 43%] [34m[1mGenerating Lisp code from servo0/angleGoal.msg[0m
[ 48%] [34m[1mGenerating Lisp code from servo0/angleActionFeedback.msg[0m
[ 48%] [34m[1mGenerating Javascript code from servo0/angleActionFeedback.msg[0m
[ 51%] [34m[1mGenerating Lisp code from servo0/angleFeedback.msg[0m
[ 53%] [34m[1mGenerating Javascript code from servo0/angleFeedback.msg[0m
[ 56%] [34m[1mGenerating Lisp code from servo0/angleActionGoal.msg[0m
[ 58%] [34m[1mGenerating Javascript code from servo0/angleActionGoal.msg[0m
[ 60%] [34m[1mGenerating Lisp code from servo0/angleResult.msg[0m
[ 63%] [34m[1mGenerating Javascript code from servo0/angleResult.msg[0m
[ 65%] [34m[1mGenerating Lisp code from servo0/angleActionResult.msg[0m
[ 68%] [34m[1mGenerating Javascript code from servo0/angleActionResult.msg[0m
[ 70%] [34m[1mGenerating Lisp code from servo0/angleAction.msg[0m
[ 73%] [34m[1mGenerating Javascript code from servo0/angleAction.msg[0m
[ 73%] Built target servo0_generate_messages_lisp
[ 73%] Built target servo0_generate_messages_nodejs
[35m[1mScanning dependencies of target servo0_generate_messages_cpp[0m
[ 75%] [34m[1mGenerating C++ code from servo0/angleGoal.msg[0m
[ 78%] [34m[1mGenerating C++ code from servo0/angleActionFeedback.msg[0m
[ 80%] [34m[1mGenerating C++ code from servo0/angleFeedback.msg[0m
[ 82%] [34m[1mGenerating C++ code from servo0/angleActionGoal.msg[0m
[ 85%] [34m[1mGenerating C++ code from servo0/angleResult.msg[0m
[ 87%] [34m[1mGenerating C++ code from servo0/angleActionResult.msg[0m
[ 90%] [34m[1mGenerating C++ code from servo0/angleAction.msg[0m
[ 90%] Built target servo0_generate_messages_cpp
[35m[1mScanning dependencies of target servo0_client_node[0m
[35m[1mScanning dependencies of target servo0_server_node[0m
[35m[1mScanning dependencies of target servo0_generate_messages[0m
[ 90%] Built target servo0_generate_messages
[ 92%] [32mBuilding CXX object CMakeFiles/servo0_server_node.dir/src/server.cpp.o[0m
[ 95%] [32mBuilding CXX object CMakeFiles/servo0_client_node.dir/src/client.cpp.o[0m
[01m[K/home/jbmdumont/catkin_ws/src/servo0/src/server.cpp:9:20:[m[K [01;35m[Kwarning: [m[Kdeprecated conversion from string constant to ‘[01m[Kchar*[m[K’ [-Wwrite-strings]
 char * action_name="angle";
[01;32m[K                    ^[m[K
[01m[K/home/jbmdumont/catkin_ws/src/servo0/src/server.cpp:10:20:[m[K [01;35m[Kwarning: [m[Kdeprecated conversion from string constant to ‘[01m[Kchar*[m[K’ [-Wwrite-strings]
 char * server_name="servo0_server";
[01;32m[K                    ^[m[K
[01m[K/home/jbmdumont/catkin_ws/src/servo0/src/server.cpp:11:19:[m[K [01;35m[Kwarning: [m[Kdeprecated conversion from string constant to ‘[01m[Kchar*[m[K’ [-Wwrite-strings]
 char * topic_name="servo_angle";
[01;32m[K                   ^[m[K
[01m[K/home/jbmdumont/catkin_ws/src/servo0/src/client.cpp:6:18:[m[K [01;35m[Kwarning: [m[Kdeprecated conversion from string constant to ‘[01m[Kchar*[m[K’ [-Wwrite-strings]
 char * node_name="servo0_client";
[01;32m[K                  ^[m[K
[01m[K/home/jbmdumont/catkin_ws/src/servo0/src/client.cpp:7:20:[m[K [01;35m[Kwarning: [m[Kdeprecated conversion from string constant to ‘[01m[Kchar*[m[K’ [-Wwrite-strings]
 char * action_name="angle";
[01;32m[K                    ^[m[K
[ 97%] [32m[1mLinking CXX executable /home/jbmdumont/catkin_ws/devel_cb/.private/servo0/lib/servo0/servo0_server_node[0m
[ 97%] Built target servo0_server_node
[100%] [32m[1mLinking CXX executable /home/jbmdumont/catkin_ws/devel_cb/.private/servo0/lib/servo0/servo0_client_node[0m
[100%] Built target servo0_client_node
