Symlinking /home/jbmdumont/catkin_ws/devel_cb/lib/ledx/ledx_server_node
Symlinking /home/jbmdumont/catkin_ws/devel_cb/lib/ledx/ledx_client_node
Symlinking /home/jbmdumont/catkin_ws/devel_cb/lib/pkgconfig/ledx.pc
Symlinking /home/jbmdumont/catkin_ws/devel_cb/lib/python2.7/dist-packages/ledx/__init__.py
Symlinking /home/jbmdumont/catkin_ws/devel_cb/lib/python2.7/dist-packages/ledx/srv/_mode.py
Symlinking /home/jbmdumont/catkin_ws/devel_cb/lib/python2.7/dist-packages/ledx/srv/__init__.py
Symlinking /home/jbmdumont/catkin_ws/devel_cb/share/ledx/cmake/ledx-msg-paths.cmake
Symlinking /home/jbmdumont/catkin_ws/devel_cb/share/ledx/cmake/ledxConfig.cmake
Symlinking /home/jbmdumont/catkin_ws/devel_cb/share/ledx/cmake/ledxConfig-version.cmake
Symlinking /home/jbmdumont/catkin_ws/devel_cb/share/ledx/cmake/ledx-msg-extras.cmake
Symlinking /home/jbmdumont/catkin_ws/devel_cb/share/gennodejs/ros/ledx/_index.js
Symlinking /home/jbmdumont/catkin_ws/devel_cb/share/gennodejs/ros/ledx/srv/mode.js
Symlinking /home/jbmdumont/catkin_ws/devel_cb/share/gennodejs/ros/ledx/srv/_index.js
Symlinking /home/jbmdumont/catkin_ws/devel_cb/share/roseus/ros/ledx/manifest.l
Symlinking /home/jbmdumont/catkin_ws/devel_cb/share/roseus/ros/ledx/srv/mode.l
Symlinking /home/jbmdumont/catkin_ws/devel_cb/share/common-lisp/ros/ledx/srv/ledx-srv.asd
Symlinking /home/jbmdumont/catkin_ws/devel_cb/share/common-lisp/ros/ledx/srv/_package.lisp
Symlinking /home/jbmdumont/catkin_ws/devel_cb/share/common-lisp/ros/ledx/srv/_package_mode.lisp
Symlinking /home/jbmdumont/catkin_ws/devel_cb/share/common-lisp/ros/ledx/srv/mode.lisp
Symlinking /home/jbmdumont/catkin_ws/devel_cb/include/ledx/modeRequest.h
Symlinking /home/jbmdumont/catkin_ws/devel_cb/include/ledx/mode.h
Symlinking /home/jbmdumont/catkin_ws/devel_cb/include/ledx/modeResponse.h
