Determining if the pthread_create exist failed with the following output:
Change Dir: /home/jbmdumont/catkin_ws/build_cb/lidar0/CMakeFiles/CMakeTmp

Run Build Command:"/usr/bin/make" "cmTC_63c6b/fast"
/usr/bin/make -f CMakeFiles/cmTC_63c6b.dir/build.make CMakeFiles/cmTC_63c6b.dir/build
make[1]: Entering directory '/home/jbmdumont/catkin_ws/build_cb/lidar0/CMakeFiles/CMakeTmp'
Building C object CMakeFiles/cmTC_63c6b.dir/CheckSymbolExists.c.o
/usr/bin/cc     -o CMakeFiles/cmTC_63c6b.dir/CheckSymbolExists.c.o   -c /home/jbmdumont/catkin_ws/build_cb/lidar0/CMakeFiles/CMakeTmp/CheckSymbolExists.c
Linking C executable cmTC_63c6b
/usr/bin/cmake -E cmake_link_script CMakeFiles/cmTC_63c6b.dir/link.txt --verbose=1
/usr/bin/cc       CMakeFiles/cmTC_63c6b.dir/CheckSymbolExists.c.o  -o cmTC_63c6b -rdynamic 
CMakeFiles/cmTC_63c6b.dir/CheckSymbolExists.c.o: In function `main':
CheckSymbolExists.c:(.text+0xe): undefined reference to `pthread_create'
CheckSymbolExists.c:(.text+0x12): undefined reference to `pthread_create'
collect2: error: ld returned 1 exit status
CMakeFiles/cmTC_63c6b.dir/build.make:97: recipe for target 'cmTC_63c6b' failed
make[1]: *** [cmTC_63c6b] Error 1
make[1]: Leaving directory '/home/jbmdumont/catkin_ws/build_cb/lidar0/CMakeFiles/CMakeTmp'
Makefile:126: recipe for target 'cmTC_63c6b/fast' failed
make: *** [cmTC_63c6b/fast] Error 2

File /home/jbmdumont/catkin_ws/build_cb/lidar0/CMakeFiles/CMakeTmp/CheckSymbolExists.c:
/* */
#include <pthread.h>

int main(int argc, char** argv)
{
  (void)argv;
#ifndef pthread_create
  return ((int*)(&pthread_create))[argc];
#else
  (void)argc;
  return 0;
#endif
}

Determining if the function pthread_create exists in the pthreads failed with the following output:
Change Dir: /home/jbmdumont/catkin_ws/build_cb/lidar0/CMakeFiles/CMakeTmp

Run Build Command:"/usr/bin/make" "cmTC_07780/fast"
/usr/bin/make -f CMakeFiles/cmTC_07780.dir/build.make CMakeFiles/cmTC_07780.dir/build
make[1]: Entering directory '/home/jbmdumont/catkin_ws/build_cb/lidar0/CMakeFiles/CMakeTmp'
Building C object CMakeFiles/cmTC_07780.dir/CheckFunctionExists.c.o
/usr/bin/cc    -DCHECK_FUNCTION_EXISTS=pthread_create   -o CMakeFiles/cmTC_07780.dir/CheckFunctionExists.c.o   -c /usr/share/cmake-3.5/Modules/CheckFunctionExists.c
Linking C executable cmTC_07780
/usr/bin/cmake -E cmake_link_script CMakeFiles/cmTC_07780.dir/link.txt --verbose=1
/usr/bin/cc   -DCHECK_FUNCTION_EXISTS=pthread_create    CMakeFiles/cmTC_07780.dir/CheckFunctionExists.c.o  -o cmTC_07780 -rdynamic -lpthreads 
/usr/bin/ld: cannot find -lpthreads
collect2: error: ld returned 1 exit status
CMakeFiles/cmTC_07780.dir/build.make:97: recipe for target 'cmTC_07780' failed
make[1]: *** [cmTC_07780] Error 1
make[1]: Leaving directory '/home/jbmdumont/catkin_ws/build_cb/lidar0/CMakeFiles/CMakeTmp'
Makefile:126: recipe for target 'cmTC_07780/fast' failed
make: *** [cmTC_07780/fast] Error 2


