[35m[1mScanning dependencies of target _cv_bridge0_generate_messages_check_deps_tennisballs[0m
[  0%] Built target _cv_bridge0_generate_messages_check_deps_tennisballs
[35m[1mScanning dependencies of target std_msgs_generate_messages_py[0m
[  0%] Built target std_msgs_generate_messages_py
[35m[1mScanning dependencies of target sensor_msgs_generate_messages_py[0m
[  0%] Built target sensor_msgs_generate_messages_py
[35m[1mScanning dependencies of target _cv_bridge0_generate_messages_check_deps_tennisball[0m
[  0%] Built target _cv_bridge0_generate_messages_check_deps_tennisball
[35m[1mScanning dependencies of target roscpp_generate_messages_cpp[0m
[  0%] Built target roscpp_generate_messages_cpp
[35m[1mScanning dependencies of target geometry_msgs_generate_messages_cpp[0m
[  0%] Built target geometry_msgs_generate_messages_cpp
[35m[1mScanning dependencies of target std_msgs_generate_messages_nodejs[0m
[  0%] Built target std_msgs_generate_messages_nodejs
[35m[1mScanning dependencies of target std_msgs_generate_messages_lisp[0m
[  0%] Built target std_msgs_generate_messages_lisp
[35m[1mScanning dependencies of target std_msgs_generate_messages_eus[0m
[  0%] Built target std_msgs_generate_messages_eus
[35m[1mScanning dependencies of target sensor_msgs_generate_messages_cpp[0m
[  0%] Built target sensor_msgs_generate_messages_cpp
[35m[1mScanning dependencies of target std_msgs_generate_messages_cpp[0m
[  0%] Built target std_msgs_generate_messages_cpp
[35m[1mScanning dependencies of target geometry_msgs_generate_messages_eus[0m
[  0%] Built target geometry_msgs_generate_messages_eus
[35m[1mScanning dependencies of target sensor_msgs_generate_messages_nodejs[0m
[  0%] Built target sensor_msgs_generate_messages_nodejs
[35m[1mScanning dependencies of target sensor_msgs_generate_messages_eus[0m
[  0%] Built target sensor_msgs_generate_messages_eus
[35m[1mScanning dependencies of target geometry_msgs_generate_messages_nodejs[0m
[  0%] Built target geometry_msgs_generate_messages_nodejs
[35m[1mScanning dependencies of target sensor_msgs_generate_messages_lisp[0m
[  0%] Built target sensor_msgs_generate_messages_lisp
[35m[1mScanning dependencies of target roscpp_generate_messages_lisp[0m
[  0%] Built target roscpp_generate_messages_lisp
[35m[1mScanning dependencies of target rosgraph_msgs_generate_messages_eus[0m
[  0%] Built target rosgraph_msgs_generate_messages_eus
[35m[1mScanning dependencies of target cv_bridge0_generate_messages_lisp[0m
[  7%] [34m[1mGenerating Lisp code from cv_bridge0/tennisball.msg[0m
[ 14%] [34m[1mGenerating Lisp code from cv_bridge0/tennisballs.msg[0m
[ 14%] Built target cv_bridge0_generate_messages_lisp
[35m[1mScanning dependencies of target roscpp_generate_messages_py[0m
[ 14%] Built target roscpp_generate_messages_py
[35m[1mScanning dependencies of target roscpp_generate_messages_eus[0m
[ 14%] Built target roscpp_generate_messages_eus
[35m[1mScanning dependencies of target cv_bridge0_generate_messages_eus[0m
[ 21%] [34m[1mGenerating EusLisp code from cv_bridge0/tennisball.msg[0m
[ 28%] [34m[1mGenerating EusLisp code from cv_bridge0/tennisballs.msg[0m
[ 35%] [34m[1mGenerating EusLisp manifest code for cv_bridge0[0m
[ 35%] Built target cv_bridge0_generate_messages_eus
[35m[1mScanning dependencies of target roscpp_generate_messages_nodejs[0m
[ 35%] Built target roscpp_generate_messages_nodejs
[35m[1mScanning dependencies of target rosgraph_msgs_generate_messages_cpp[0m
[ 35%] Built target rosgraph_msgs_generate_messages_cpp
[35m[1mScanning dependencies of target rosgraph_msgs_generate_messages_lisp[0m
[ 35%] Built target rosgraph_msgs_generate_messages_lisp
[35m[1mScanning dependencies of target rosgraph_msgs_generate_messages_nodejs[0m
[ 35%] Built target rosgraph_msgs_generate_messages_nodejs
[35m[1mScanning dependencies of target rosgraph_msgs_generate_messages_py[0m
[ 35%] Built target rosgraph_msgs_generate_messages_py
[35m[1mScanning dependencies of target geometry_msgs_generate_messages_lisp[0m
[ 35%] Built target geometry_msgs_generate_messages_lisp
[35m[1mScanning dependencies of target geometry_msgs_generate_messages_py[0m
[ 35%] Built target geometry_msgs_generate_messages_py
[35m[1mScanning dependencies of target cv_bridge0_generate_messages_py[0m
[ 42%] [34m[1mGenerating Python from MSG cv_bridge0/tennisball[0m
[ 50%] [34m[1mGenerating Python from MSG cv_bridge0/tennisballs[0m
[ 57%] [34m[1mGenerating Python msg __init__.py for cv_bridge0[0m
[ 57%] Built target cv_bridge0_generate_messages_py
[35m[1mScanning dependencies of target cv_bridge0_generate_messages_cpp[0m
[ 64%] [34m[1mGenerating C++ code from cv_bridge0/tennisball.msg[0m
[ 71%] [34m[1mGenerating C++ code from cv_bridge0/tennisballs.msg[0m
[ 71%] Built target cv_bridge0_generate_messages_cpp
[35m[1mScanning dependencies of target cv_bridge0_generate_messages_nodejs[0m
[ 78%] [34m[1mGenerating Javascript code from cv_bridge0/tennisball.msg[0m
[ 85%] [34m[1mGenerating Javascript code from cv_bridge0/tennisballs.msg[0m
[ 85%] Built target cv_bridge0_generate_messages_nodejs
[35m[1mScanning dependencies of target cv_bridge0_node[0m
[ 92%] [32mBuilding CXX object CMakeFiles/cv_bridge0_node.dir/src/converter.cpp.o[0m
[35m[1mScanning dependencies of target cv_bridge0_generate_messages[0m
[ 92%] Built target cv_bridge0_generate_messages
[01m[K/home/jbmdumont/catkin_ws/src/cv_bridge0/src/converter.cpp:14:19:[m[K [01;35m[Kwarning: [m[Kdeprecated conversion from string constant to ‘[01m[Kchar*[m[K’ [-Wwrite-strings]
 char * node_name ="detector_node";
[01;32m[K                   ^[m[K
[100%] [32m[1mLinking CXX executable /home/jbmdumont/catkin_ws/devel_cb/.private/cv_bridge0/lib/cv_bridge0/cv_bridge0_node[0m
[100%] Built target cv_bridge0_node
