Symlinking /home/jbmdumont/catkin_ws/devel_cb/lib/cv_bridge0/cv_bridge0_node
Symlinking /home/jbmdumont/catkin_ws/devel_cb/lib/pkgconfig/cv_bridge0.pc
Symlinking /home/jbmdumont/catkin_ws/devel_cb/lib/python2.7/dist-packages/cv_bridge0/__init__.py
Symlinking /home/jbmdumont/catkin_ws/devel_cb/lib/python2.7/dist-packages/cv_bridge0/msg/_tennisball.py
Symlinking /home/jbmdumont/catkin_ws/devel_cb/lib/python2.7/dist-packages/cv_bridge0/msg/_tennisballs.py
Symlinking /home/jbmdumont/catkin_ws/devel_cb/lib/python2.7/dist-packages/cv_bridge0/msg/__init__.py
Symlinking /home/jbmdumont/catkin_ws/devel_cb/share/cv_bridge0/cmake/cv_bridge0Config-version.cmake
Symlinking /home/jbmdumont/catkin_ws/devel_cb/share/cv_bridge0/cmake/cv_bridge0-msg-extras.cmake
Symlinking /home/jbmdumont/catkin_ws/devel_cb/share/cv_bridge0/cmake/cv_bridge0Config.cmake
Symlinking /home/jbmdumont/catkin_ws/devel_cb/share/cv_bridge0/cmake/cv_bridge0-msg-paths.cmake
Symlinking /home/jbmdumont/catkin_ws/devel_cb/share/gennodejs/ros/cv_bridge0/_index.js
Symlinking /home/jbmdumont/catkin_ws/devel_cb/share/gennodejs/ros/cv_bridge0/msg/tennisballs.js
Symlinking /home/jbmdumont/catkin_ws/devel_cb/share/gennodejs/ros/cv_bridge0/msg/_index.js
Symlinking /home/jbmdumont/catkin_ws/devel_cb/share/gennodejs/ros/cv_bridge0/msg/tennisball.js
Symlinking /home/jbmdumont/catkin_ws/devel_cb/share/roseus/ros/cv_bridge0/manifest.l
Symlinking /home/jbmdumont/catkin_ws/devel_cb/share/roseus/ros/cv_bridge0/msg/tennisballs.l
Symlinking /home/jbmdumont/catkin_ws/devel_cb/share/roseus/ros/cv_bridge0/msg/tennisball.l
Symlinking /home/jbmdumont/catkin_ws/devel_cb/share/common-lisp/ros/cv_bridge0/msg/_package.lisp
Symlinking /home/jbmdumont/catkin_ws/devel_cb/share/common-lisp/ros/cv_bridge0/msg/cv_bridge0-msg.asd
Symlinking /home/jbmdumont/catkin_ws/devel_cb/share/common-lisp/ros/cv_bridge0/msg/_package_tennisballs.lisp
Symlinking /home/jbmdumont/catkin_ws/devel_cb/share/common-lisp/ros/cv_bridge0/msg/tennisballs.lisp
Symlinking /home/jbmdumont/catkin_ws/devel_cb/share/common-lisp/ros/cv_bridge0/msg/tennisball.lisp
Symlinking /home/jbmdumont/catkin_ws/devel_cb/share/common-lisp/ros/cv_bridge0/msg/_package_tennisball.lisp
Symlinking /home/jbmdumont/catkin_ws/devel_cb/include/cv_bridge0/tennisballs.h
Symlinking /home/jbmdumont/catkin_ws/devel_cb/include/cv_bridge0/tennisball.h
