Determining if the pthread_create exist failed with the following output:
Change Dir: /home/jbmdumont/catkin_ws/build_cb/usb_cam/CMakeFiles/CMakeTmp

Run Build Command:"/usr/bin/make" "cmTC_28c99/fast"
/usr/bin/make -f CMakeFiles/cmTC_28c99.dir/build.make CMakeFiles/cmTC_28c99.dir/build
make[1]: Entering directory '/home/jbmdumont/catkin_ws/build_cb/usb_cam/CMakeFiles/CMakeTmp'
Building C object CMakeFiles/cmTC_28c99.dir/CheckSymbolExists.c.o
/usr/bin/cc     -o CMakeFiles/cmTC_28c99.dir/CheckSymbolExists.c.o   -c /home/jbmdumont/catkin_ws/build_cb/usb_cam/CMakeFiles/CMakeTmp/CheckSymbolExists.c
Linking C executable cmTC_28c99
/usr/bin/cmake -E cmake_link_script CMakeFiles/cmTC_28c99.dir/link.txt --verbose=1
/usr/bin/cc       CMakeFiles/cmTC_28c99.dir/CheckSymbolExists.c.o  -o cmTC_28c99 -rdynamic 
CMakeFiles/cmTC_28c99.dir/CheckSymbolExists.c.o: In function `main':
CheckSymbolExists.c:(.text+0xe): undefined reference to `pthread_create'
CheckSymbolExists.c:(.text+0x12): undefined reference to `pthread_create'
collect2: error: ld returned 1 exit status
CMakeFiles/cmTC_28c99.dir/build.make:97: recipe for target 'cmTC_28c99' failed
make[1]: *** [cmTC_28c99] Error 1
make[1]: Leaving directory '/home/jbmdumont/catkin_ws/build_cb/usb_cam/CMakeFiles/CMakeTmp'
Makefile:126: recipe for target 'cmTC_28c99/fast' failed
make: *** [cmTC_28c99/fast] Error 2

File /home/jbmdumont/catkin_ws/build_cb/usb_cam/CMakeFiles/CMakeTmp/CheckSymbolExists.c:
/* */
#include <pthread.h>

int main(int argc, char** argv)
{
  (void)argv;
#ifndef pthread_create
  return ((int*)(&pthread_create))[argc];
#else
  (void)argc;
  return 0;
#endif
}

Determining if the function pthread_create exists in the pthreads failed with the following output:
Change Dir: /home/jbmdumont/catkin_ws/build_cb/usb_cam/CMakeFiles/CMakeTmp

Run Build Command:"/usr/bin/make" "cmTC_c55e7/fast"
/usr/bin/make -f CMakeFiles/cmTC_c55e7.dir/build.make CMakeFiles/cmTC_c55e7.dir/build
make[1]: Entering directory '/home/jbmdumont/catkin_ws/build_cb/usb_cam/CMakeFiles/CMakeTmp'
Building C object CMakeFiles/cmTC_c55e7.dir/CheckFunctionExists.c.o
/usr/bin/cc    -DCHECK_FUNCTION_EXISTS=pthread_create   -o CMakeFiles/cmTC_c55e7.dir/CheckFunctionExists.c.o   -c /usr/share/cmake-3.5/Modules/CheckFunctionExists.c
Linking C executable cmTC_c55e7
/usr/bin/cmake -E cmake_link_script CMakeFiles/cmTC_c55e7.dir/link.txt --verbose=1
/usr/bin/cc   -DCHECK_FUNCTION_EXISTS=pthread_create    CMakeFiles/cmTC_c55e7.dir/CheckFunctionExists.c.o  -o cmTC_c55e7 -rdynamic -lpthreads 
/usr/bin/ld: cannot find -lpthreads
collect2: error: ld returned 1 exit status
CMakeFiles/cmTC_c55e7.dir/build.make:97: recipe for target 'cmTC_c55e7' failed
make[1]: *** [cmTC_c55e7] Error 1
make[1]: Leaving directory '/home/jbmdumont/catkin_ws/build_cb/usb_cam/CMakeFiles/CMakeTmp'
Makefile:126: recipe for target 'cmTC_c55e7/fast' failed
make: *** [cmTC_c55e7/fast] Error 2


