Determining if the pthread_create exist failed with the following output:
Change Dir: /home/jbmdumont/catkin_ws/build_isolated/main/CMakeFiles/CMakeTmp

Run Build Command:"/usr/bin/make" "cmTC_59fbc/fast"
/usr/bin/make -f CMakeFiles/cmTC_59fbc.dir/build.make CMakeFiles/cmTC_59fbc.dir/build
make[1]: Entering directory '/home/jbmdumont/catkin_ws/build_isolated/main/CMakeFiles/CMakeTmp'
Building C object CMakeFiles/cmTC_59fbc.dir/CheckSymbolExists.c.o
/usr/bin/cc     -o CMakeFiles/cmTC_59fbc.dir/CheckSymbolExists.c.o   -c /home/jbmdumont/catkin_ws/build_isolated/main/CMakeFiles/CMakeTmp/CheckSymbolExists.c
Linking C executable cmTC_59fbc
/usr/bin/cmake -E cmake_link_script CMakeFiles/cmTC_59fbc.dir/link.txt --verbose=1
/usr/bin/cc       CMakeFiles/cmTC_59fbc.dir/CheckSymbolExists.c.o  -o cmTC_59fbc -rdynamic 
CMakeFiles/cmTC_59fbc.dir/CheckSymbolExists.c.o: In function `main':
CheckSymbolExists.c:(.text+0xe): undefined reference to `pthread_create'
CheckSymbolExists.c:(.text+0x12): undefined reference to `pthread_create'
collect2: error: ld returned 1 exit status
CMakeFiles/cmTC_59fbc.dir/build.make:97: recipe for target 'cmTC_59fbc' failed
make[1]: *** [cmTC_59fbc] Error 1
make[1]: Leaving directory '/home/jbmdumont/catkin_ws/build_isolated/main/CMakeFiles/CMakeTmp'
Makefile:126: recipe for target 'cmTC_59fbc/fast' failed
make: *** [cmTC_59fbc/fast] Error 2

File /home/jbmdumont/catkin_ws/build_isolated/main/CMakeFiles/CMakeTmp/CheckSymbolExists.c:
/* */
#include <pthread.h>

int main(int argc, char** argv)
{
  (void)argv;
#ifndef pthread_create
  return ((int*)(&pthread_create))[argc];
#else
  (void)argc;
  return 0;
#endif
}

Determining if the function pthread_create exists in the pthreads failed with the following output:
Change Dir: /home/jbmdumont/catkin_ws/build_isolated/main/CMakeFiles/CMakeTmp

Run Build Command:"/usr/bin/make" "cmTC_66596/fast"
/usr/bin/make -f CMakeFiles/cmTC_66596.dir/build.make CMakeFiles/cmTC_66596.dir/build
make[1]: Entering directory '/home/jbmdumont/catkin_ws/build_isolated/main/CMakeFiles/CMakeTmp'
Building C object CMakeFiles/cmTC_66596.dir/CheckFunctionExists.c.o
/usr/bin/cc    -DCHECK_FUNCTION_EXISTS=pthread_create   -o CMakeFiles/cmTC_66596.dir/CheckFunctionExists.c.o   -c /usr/share/cmake-3.5/Modules/CheckFunctionExists.c
Linking C executable cmTC_66596
/usr/bin/cmake -E cmake_link_script CMakeFiles/cmTC_66596.dir/link.txt --verbose=1
/usr/bin/cc   -DCHECK_FUNCTION_EXISTS=pthread_create    CMakeFiles/cmTC_66596.dir/CheckFunctionExists.c.o  -o cmTC_66596 -rdynamic -lpthreads 
/usr/bin/ld: cannot find -lpthreads
collect2: error: ld returned 1 exit status
CMakeFiles/cmTC_66596.dir/build.make:97: recipe for target 'cmTC_66596' failed
make[1]: *** [cmTC_66596] Error 1
make[1]: Leaving directory '/home/jbmdumont/catkin_ws/build_isolated/main/CMakeFiles/CMakeTmp'
Makefile:126: recipe for target 'cmTC_66596/fast' failed
make: *** [cmTC_66596/fast] Error 2


