Determining if the pthread_create exist failed with the following output:
Change Dir: /home/jbmdumont/catkin_ws/build_isolated/ledx/CMakeFiles/CMakeTmp

Run Build Command:"/usr/bin/make" "cmTC_7f292/fast"
/usr/bin/make -f CMakeFiles/cmTC_7f292.dir/build.make CMakeFiles/cmTC_7f292.dir/build
make[1]: Entering directory '/home/jbmdumont/catkin_ws/build_isolated/ledx/CMakeFiles/CMakeTmp'
Building C object CMakeFiles/cmTC_7f292.dir/CheckSymbolExists.c.o
/usr/bin/cc     -o CMakeFiles/cmTC_7f292.dir/CheckSymbolExists.c.o   -c /home/jbmdumont/catkin_ws/build_isolated/ledx/CMakeFiles/CMakeTmp/CheckSymbolExists.c
Linking C executable cmTC_7f292
/usr/bin/cmake -E cmake_link_script CMakeFiles/cmTC_7f292.dir/link.txt --verbose=1
/usr/bin/cc       CMakeFiles/cmTC_7f292.dir/CheckSymbolExists.c.o  -o cmTC_7f292 -rdynamic 
CMakeFiles/cmTC_7f292.dir/CheckSymbolExists.c.o: In function `main':
CheckSymbolExists.c:(.text+0xe): undefined reference to `pthread_create'
CheckSymbolExists.c:(.text+0x12): undefined reference to `pthread_create'
collect2: error: ld returned 1 exit status
CMakeFiles/cmTC_7f292.dir/build.make:97: recipe for target 'cmTC_7f292' failed
make[1]: *** [cmTC_7f292] Error 1
make[1]: Leaving directory '/home/jbmdumont/catkin_ws/build_isolated/ledx/CMakeFiles/CMakeTmp'
Makefile:126: recipe for target 'cmTC_7f292/fast' failed
make: *** [cmTC_7f292/fast] Error 2

File /home/jbmdumont/catkin_ws/build_isolated/ledx/CMakeFiles/CMakeTmp/CheckSymbolExists.c:
/* */
#include <pthread.h>

int main(int argc, char** argv)
{
  (void)argv;
#ifndef pthread_create
  return ((int*)(&pthread_create))[argc];
#else
  (void)argc;
  return 0;
#endif
}

Determining if the function pthread_create exists in the pthreads failed with the following output:
Change Dir: /home/jbmdumont/catkin_ws/build_isolated/ledx/CMakeFiles/CMakeTmp

Run Build Command:"/usr/bin/make" "cmTC_d5c25/fast"
/usr/bin/make -f CMakeFiles/cmTC_d5c25.dir/build.make CMakeFiles/cmTC_d5c25.dir/build
make[1]: Entering directory '/home/jbmdumont/catkin_ws/build_isolated/ledx/CMakeFiles/CMakeTmp'
Building C object CMakeFiles/cmTC_d5c25.dir/CheckFunctionExists.c.o
/usr/bin/cc    -DCHECK_FUNCTION_EXISTS=pthread_create   -o CMakeFiles/cmTC_d5c25.dir/CheckFunctionExists.c.o   -c /usr/share/cmake-3.5/Modules/CheckFunctionExists.c
Linking C executable cmTC_d5c25
/usr/bin/cmake -E cmake_link_script CMakeFiles/cmTC_d5c25.dir/link.txt --verbose=1
/usr/bin/cc   -DCHECK_FUNCTION_EXISTS=pthread_create    CMakeFiles/cmTC_d5c25.dir/CheckFunctionExists.c.o  -o cmTC_d5c25 -rdynamic -lpthreads 
/usr/bin/ld: cannot find -lpthreads
collect2: error: ld returned 1 exit status
CMakeFiles/cmTC_d5c25.dir/build.make:97: recipe for target 'cmTC_d5c25' failed
make[1]: *** [cmTC_d5c25] Error 1
make[1]: Leaving directory '/home/jbmdumont/catkin_ws/build_isolated/ledx/CMakeFiles/CMakeTmp'
Makefile:126: recipe for target 'cmTC_d5c25/fast' failed
make: *** [cmTC_d5c25/fast] Error 2


