Determining if the pthread_create exist failed with the following output:
Change Dir: /home/jbmdumont/catkin_ws/build_cb/description/CMakeFiles/CMakeTmp

Run Build Command:"/usr/bin/make" "cmTC_6d61d/fast"
/usr/bin/make -f CMakeFiles/cmTC_6d61d.dir/build.make CMakeFiles/cmTC_6d61d.dir/build
make[1]: Entering directory '/home/jbmdumont/catkin_ws/build_cb/description/CMakeFiles/CMakeTmp'
Building C object CMakeFiles/cmTC_6d61d.dir/CheckSymbolExists.c.o
/usr/bin/cc     -o CMakeFiles/cmTC_6d61d.dir/CheckSymbolExists.c.o   -c /home/jbmdumont/catkin_ws/build_cb/description/CMakeFiles/CMakeTmp/CheckSymbolExists.c
Linking C executable cmTC_6d61d
/usr/bin/cmake -E cmake_link_script CMakeFiles/cmTC_6d61d.dir/link.txt --verbose=1
/usr/bin/cc       CMakeFiles/cmTC_6d61d.dir/CheckSymbolExists.c.o  -o cmTC_6d61d -rdynamic 
CMakeFiles/cmTC_6d61d.dir/CheckSymbolExists.c.o: In function `main':
CheckSymbolExists.c:(.text+0xe): undefined reference to `pthread_create'
CheckSymbolExists.c:(.text+0x12): undefined reference to `pthread_create'
collect2: error: ld returned 1 exit status
CMakeFiles/cmTC_6d61d.dir/build.make:97: recipe for target 'cmTC_6d61d' failed
make[1]: *** [cmTC_6d61d] Error 1
make[1]: Leaving directory '/home/jbmdumont/catkin_ws/build_cb/description/CMakeFiles/CMakeTmp'
Makefile:126: recipe for target 'cmTC_6d61d/fast' failed
make: *** [cmTC_6d61d/fast] Error 2

File /home/jbmdumont/catkin_ws/build_cb/description/CMakeFiles/CMakeTmp/CheckSymbolExists.c:
/* */
#include <pthread.h>

int main(int argc, char** argv)
{
  (void)argv;
#ifndef pthread_create
  return ((int*)(&pthread_create))[argc];
#else
  (void)argc;
  return 0;
#endif
}

Determining if the function pthread_create exists in the pthreads failed with the following output:
Change Dir: /home/jbmdumont/catkin_ws/build_cb/description/CMakeFiles/CMakeTmp

Run Build Command:"/usr/bin/make" "cmTC_94b9f/fast"
/usr/bin/make -f CMakeFiles/cmTC_94b9f.dir/build.make CMakeFiles/cmTC_94b9f.dir/build
make[1]: Entering directory '/home/jbmdumont/catkin_ws/build_cb/description/CMakeFiles/CMakeTmp'
Building C object CMakeFiles/cmTC_94b9f.dir/CheckFunctionExists.c.o
/usr/bin/cc    -DCHECK_FUNCTION_EXISTS=pthread_create   -o CMakeFiles/cmTC_94b9f.dir/CheckFunctionExists.c.o   -c /usr/share/cmake-3.5/Modules/CheckFunctionExists.c
Linking C executable cmTC_94b9f
/usr/bin/cmake -E cmake_link_script CMakeFiles/cmTC_94b9f.dir/link.txt --verbose=1
/usr/bin/cc   -DCHECK_FUNCTION_EXISTS=pthread_create    CMakeFiles/cmTC_94b9f.dir/CheckFunctionExists.c.o  -o cmTC_94b9f -rdynamic -lpthreads 
/usr/bin/ld: cannot find -lpthreads
collect2: error: ld returned 1 exit status
CMakeFiles/cmTC_94b9f.dir/build.make:97: recipe for target 'cmTC_94b9f' failed
make[1]: *** [cmTC_94b9f] Error 1
make[1]: Leaving directory '/home/jbmdumont/catkin_ws/build_cb/description/CMakeFiles/CMakeTmp'
Makefile:126: recipe for target 'cmTC_94b9f/fast' failed
make: *** [cmTC_94b9f/fast] Error 2


