Determining if the pthread_create exist failed with the following output:
Change Dir: /home/jbmdumont/catkin_ws/build_isolated/lidar0/CMakeFiles/CMakeTmp

Run Build Command:"/usr/bin/make" "cmTC_6d9aa/fast"
/usr/bin/make -f CMakeFiles/cmTC_6d9aa.dir/build.make CMakeFiles/cmTC_6d9aa.dir/build
make[1]: Entering directory '/home/jbmdumont/catkin_ws/build_isolated/lidar0/CMakeFiles/CMakeTmp'
Building C object CMakeFiles/cmTC_6d9aa.dir/CheckSymbolExists.c.o
/usr/bin/cc     -o CMakeFiles/cmTC_6d9aa.dir/CheckSymbolExists.c.o   -c /home/jbmdumont/catkin_ws/build_isolated/lidar0/CMakeFiles/CMakeTmp/CheckSymbolExists.c
Linking C executable cmTC_6d9aa
/usr/bin/cmake -E cmake_link_script CMakeFiles/cmTC_6d9aa.dir/link.txt --verbose=1
/usr/bin/cc       CMakeFiles/cmTC_6d9aa.dir/CheckSymbolExists.c.o  -o cmTC_6d9aa -rdynamic 
CMakeFiles/cmTC_6d9aa.dir/CheckSymbolExists.c.o: In function `main':
CheckSymbolExists.c:(.text+0xe): undefined reference to `pthread_create'
CheckSymbolExists.c:(.text+0x12): undefined reference to `pthread_create'
collect2: error: ld returned 1 exit status
CMakeFiles/cmTC_6d9aa.dir/build.make:97: recipe for target 'cmTC_6d9aa' failed
make[1]: *** [cmTC_6d9aa] Error 1
make[1]: Leaving directory '/home/jbmdumont/catkin_ws/build_isolated/lidar0/CMakeFiles/CMakeTmp'
Makefile:126: recipe for target 'cmTC_6d9aa/fast' failed
make: *** [cmTC_6d9aa/fast] Error 2

File /home/jbmdumont/catkin_ws/build_isolated/lidar0/CMakeFiles/CMakeTmp/CheckSymbolExists.c:
/* */
#include <pthread.h>

int main(int argc, char** argv)
{
  (void)argv;
#ifndef pthread_create
  return ((int*)(&pthread_create))[argc];
#else
  (void)argc;
  return 0;
#endif
}

Determining if the function pthread_create exists in the pthreads failed with the following output:
Change Dir: /home/jbmdumont/catkin_ws/build_isolated/lidar0/CMakeFiles/CMakeTmp

Run Build Command:"/usr/bin/make" "cmTC_df5ff/fast"
/usr/bin/make -f CMakeFiles/cmTC_df5ff.dir/build.make CMakeFiles/cmTC_df5ff.dir/build
make[1]: Entering directory '/home/jbmdumont/catkin_ws/build_isolated/lidar0/CMakeFiles/CMakeTmp'
Building C object CMakeFiles/cmTC_df5ff.dir/CheckFunctionExists.c.o
/usr/bin/cc    -DCHECK_FUNCTION_EXISTS=pthread_create   -o CMakeFiles/cmTC_df5ff.dir/CheckFunctionExists.c.o   -c /usr/share/cmake-3.5/Modules/CheckFunctionExists.c
Linking C executable cmTC_df5ff
/usr/bin/cmake -E cmake_link_script CMakeFiles/cmTC_df5ff.dir/link.txt --verbose=1
/usr/bin/cc   -DCHECK_FUNCTION_EXISTS=pthread_create    CMakeFiles/cmTC_df5ff.dir/CheckFunctionExists.c.o  -o cmTC_df5ff -rdynamic -lpthreads 
/usr/bin/ld: cannot find -lpthreads
collect2: error: ld returned 1 exit status
CMakeFiles/cmTC_df5ff.dir/build.make:97: recipe for target 'cmTC_df5ff' failed
make[1]: *** [cmTC_df5ff] Error 1
make[1]: Leaving directory '/home/jbmdumont/catkin_ws/build_isolated/lidar0/CMakeFiles/CMakeTmp'
Makefile:126: recipe for target 'cmTC_df5ff/fast' failed
make: *** [cmTC_df5ff/fast] Error 2


